This is XeTeX, Version 3.141592653-2.6-0.999996 (TeX Live 2024) (preloaded format=xelatex 2024.5.16)  27 AUG 2024 15:14
entering extended mode
 restricted \write18 enabled.
 %&-line parsing enabled.
**KMS-NL.tex
(./KMS-NL.tex
LaTeX2e <2023-11-01> patch level 1
L3 programming layer <2024-04-11>
(/Users/Hugo/Library/TinyTeX/texmf-dist/tex/latex/base/book.cls
Document Class: book 2023/05/17 v1.4n Standard LaTeX document class
(/Users/Hugo/Library/TinyTeX/texmf-dist/tex/latex/base/bk10.clo
File: bk10.clo 2023/05/17 v1.4n Standard LaTeX file (size option)
)
\c@part=\count185
\c@chapter=\count186
\c@section=\count187
\c@subsection=\count188
\c@subsubsection=\count189
\c@paragraph=\count190
\c@subparagraph=\count191
\c@figure=\count192
\c@table=\count193
\abovecaptionskip=\skip48
\belowcaptionskip=\skip49
\bibindent=\dimen140
) (/Users/Hugo/Library/TinyTeX/texmf-dist/tex/latex/amsmath/amsmath.sty
Package: amsmath 2023/05/13 v2.17o AMS math features
\@mathmargin=\skip50
For additional information on amsmath, use the `?' option.
(/Users/Hugo/Library/TinyTeX/texmf-dist/tex/latex/amsmath/amstext.sty
Package: amstext 2021/08/26 v2.01 AMS text
(/Users/Hugo/Library/TinyTeX/texmf-dist/tex/latex/amsmath/amsgen.sty
File: amsgen.sty 1999/11/30 v2.0 generic functions
\@emptytoks=\toks17
\ex@=\dimen141
)) (/Users/Hugo/Library/TinyTeX/texmf-dist/tex/latex/amsmath/amsbsy.sty
Package: amsbsy 1999/11/29 v1.2d Bold Symbols
\pmbraise@=\dimen142
) (/Users/Hugo/Library/TinyTeX/texmf-dist/tex/latex/amsmath/amsopn.sty
Package: amsopn 2022/04/08 v2.04 operator names
)
\inf@bad=\count194
LaTeX Info: Redefining \frac on input line 234.
\uproot@=\count195
\leftroot@=\count196
LaTeX Info: Redefining \overline on input line 399.
LaTeX Info: Redefining \colon on input line 410.
\classnum@=\count197
\DOTSCASE@=\count198
LaTeX Info: Redefining \ldots on input line 496.
LaTeX Info: Redefining \dots on input line 499.
LaTeX Info: Redefining \cdots on input line 620.
\Mathstrutbox@=\box51
\strutbox@=\box52
LaTeX Info: Redefining \big on input line 722.
LaTeX Info: Redefining \Big on input line 723.
LaTeX Info: Redefining \bigg on input line 724.
LaTeX Info: Redefining \Bigg on input line 725.
\big@size=\dimen143
LaTeX Font Info:    Redeclaring font encoding OML on input line 743.
LaTeX Font Info:    Redeclaring font encoding OMS on input line 744.
\macc@depth=\count199
LaTeX Info: Redefining \bmod on input line 905.
LaTeX Info: Redefining \pmod on input line 910.
LaTeX Info: Redefining \smash on input line 940.
LaTeX Info: Redefining \relbar on input line 970.
LaTeX Info: Redefining \Relbar on input line 971.
\c@MaxMatrixCols=\count266
\dotsspace@=\muskip16
\c@parentequation=\count267
\dspbrk@lvl=\count268
\tag@help=\toks18
\row@=\count269
\column@=\count270
\maxfields@=\count271
\andhelp@=\toks19
\eqnshift@=\dimen144
\alignsep@=\dimen145
\tagshift@=\dimen146
\tagwidth@=\dimen147
\totwidth@=\dimen148
\lineht@=\dimen149
\@envbody=\toks20
\multlinegap=\skip51
\multlinetaggap=\skip52
\mathdisplay@stack=\toks21
LaTeX Info: Redefining \[ on input line 2953.
LaTeX Info: Redefining \] on input line 2954.
) (/Users/Hugo/Library/TinyTeX/texmf-dist/tex/latex/amsfonts/amssymb.sty
Package: amssymb 2013/01/14 v3.01 AMS font symbols
(/Users/Hugo/Library/TinyTeX/texmf-dist/tex/latex/amsfonts/amsfonts.sty
Package: amsfonts 2013/01/14 v3.01 Basic AMSFonts support
\symAMSa=\mathgroup4
\symAMSb=\mathgroup5
LaTeX Font Info:    Redeclaring math symbol \hbar on input line 98.
LaTeX Font Info:    Overwriting math alphabet `\mathfrak' in version `bold'
(Font)                  U/euf/m/n --> U/euf/b/n on input line 106.
)) (/Users/Hugo/Library/TinyTeX/texmf-dist/tex/generic/iftex/iftex.sty
Package: iftex 2022/02/03 v1.0f TeX engine tests
) (/Users/Hugo/Library/TinyTeX/texmf-dist/tex/latex/unicode-math/unicode-math.sty (/Users/Hugo/Library/TinyTeX/texmf-dist/tex/latex/l3kernel/expl3.sty
Package: expl3 2024-04-11 L3 programming layer (loader) 
(/Users/Hugo/Library/TinyTeX/texmf-dist/tex/latex/l3backend/l3backend-xetex.def
File: l3backend-xetex.def 2024-04-11 L3 backend support: XeTeX
\g__graphics_track_int=\count272
\l__pdf_internal_box=\box53
\g__pdf_backend_annotation_int=\count273
\g__pdf_backend_link_int=\count274
))
Package: unicode-math 2023/08/13 v0.8r Unicode maths in XeLaTeX and LuaLaTeX
(/Users/Hugo/Library/TinyTeX/texmf-dist/tex/latex/unicode-math/unicode-math-xetex.sty
Package: unicode-math-xetex 2023/08/13 v0.8r Unicode maths in XeLaTeX and LuaLaTeX
(/Users/Hugo/Library/TinyTeX/texmf-dist/tex/latex/l3packages/xparse/xparse.sty
Package: xparse 2024-03-14 L3 Experimental document command parser
) (/Users/Hugo/Library/TinyTeX/texmf-dist/tex/latex/l3packages/l3keys2e/l3keys2e.sty
Package: l3keys2e 2024-03-14 LaTeX2e option processing using LaTeX3 keys
) (/Users/Hugo/Library/TinyTeX/texmf-dist/tex/latex/fontspec/fontspec.sty
Package: fontspec 2024/05/11 v2.9e Font selection for XeLaTeX and LuaLaTeX
(/Users/Hugo/Library/TinyTeX/texmf-dist/tex/latex/fontspec/fontspec-xetex.sty
Package: fontspec-xetex 2024/05/11 v2.9e Font selection for XeLaTeX and LuaLaTeX
\l__fontspec_script_int=\count275
\l__fontspec_language_int=\count276
\l__fontspec_strnum_int=\count277
\l__fontspec_tmp_int=\count278
\l__fontspec_tmpa_int=\count279
\l__fontspec_tmpb_int=\count280
\l__fontspec_tmpc_int=\count281
\l__fontspec_em_int=\count282
\l__fontspec_emdef_int=\count283
\l__fontspec_strong_int=\count284
\l__fontspec_strongdef_int=\count285
\l__fontspec_tmpa_dim=\dimen150
\l__fontspec_tmpb_dim=\dimen151
\l__fontspec_tmpc_dim=\dimen152
(/Users/Hugo/Library/TinyTeX/texmf-dist/tex/latex/base/fontenc.sty
Package: fontenc 2021/04/29 v2.0v Standard LaTeX package
) (/Users/Hugo/Library/TinyTeX/texmf-dist/tex/latex/fontspec/fontspec.cfg))) (/Users/Hugo/Library/TinyTeX/texmf-dist/tex/latex/base/fix-cm.sty
Package: fix-cm 2020/11/24 v1.1t fixes to LaTeX
(/Users/Hugo/Library/TinyTeX/texmf-dist/tex/latex/base/ts1enc.def
File: ts1enc.def 2001/06/05 v3.0e (jk/car/fm) Standard LaTeX file
LaTeX Font Info:    Redeclaring font encoding TS1 on input line 47.
))
\g__um_fam_int=\count286
\g__um_fonts_used_int=\count287
\l__um_primecount_int=\count288
\g__um_primekern_muskip=\muskip17
(/Users/Hugo/Library/TinyTeX/texmf-dist/tex/latex/unicode-math/unicode-math-table.tex))) (/Users/Hugo/Library/TinyTeX/texmf-dist/tex/latex/lm/lmodern.sty
Package: lmodern 2015/05/01 v1.6.1 Latin Modern Fonts
LaTeX Font Info:    Overwriting symbol font `operators' in version `normal'
(Font)                  OT1/cmr/m/n --> OT1/lmr/m/n on input line 22.
LaTeX Font Info:    Overwriting symbol font `letters' in version `normal'
(Font)                  OML/cmm/m/it --> OML/lmm/m/it on input line 23.
LaTeX Font Info:    Overwriting symbol font `symbols' in version `normal'
(Font)                  OMS/cmsy/m/n --> OMS/lmsy/m/n on input line 24.
LaTeX Font Info:    Overwriting symbol font `largesymbols' in version `normal'
(Font)                  OMX/cmex/m/n --> OMX/lmex/m/n on input line 25.
LaTeX Font Info:    Overwriting symbol font `operators' in version `bold'
(Font)                  OT1/cmr/bx/n --> OT1/lmr/bx/n on input line 26.
LaTeX Font Info:    Overwriting symbol font `letters' in version `bold'
(Font)                  OML/cmm/b/it --> OML/lmm/b/it on input line 27.
LaTeX Font Info:    Overwriting symbol font `symbols' in version `bold'
(Font)                  OMS/cmsy/b/n --> OMS/lmsy/b/n on input line 28.
LaTeX Font Info:    Overwriting symbol font `largesymbols' in version `bold'
(Font)                  OMX/cmex/m/n --> OMX/lmex/m/n on input line 29.
LaTeX Font Info:    Overwriting math alphabet `\mathbf' in version `normal'
(Font)                  OT1/cmr/bx/n --> OT1/lmr/bx/n on input line 31.
LaTeX Font Info:    Overwriting math alphabet `\mathsf' in version `normal'
(Font)                  OT1/cmss/m/n --> OT1/lmss/m/n on input line 32.
LaTeX Font Info:    Overwriting math alphabet `\mathit' in version `normal'
(Font)                  OT1/cmr/m/it --> OT1/lmr/m/it on input line 33.
LaTeX Font Info:    Overwriting math alphabet `\mathtt' in version `normal'
(Font)                  OT1/cmtt/m/n --> OT1/lmtt/m/n on input line 34.
LaTeX Font Info:    Overwriting math alphabet `\mathbf' in version `bold'
(Font)                  OT1/cmr/bx/n --> OT1/lmr/bx/n on input line 35.
LaTeX Font Info:    Overwriting math alphabet `\mathsf' in version `bold'
(Font)                  OT1/cmss/bx/n --> OT1/lmss/bx/n on input line 36.
LaTeX Font Info:    Overwriting math alphabet `\mathit' in version `bold'
(Font)                  OT1/cmr/bx/it --> OT1/lmr/bx/it on input line 37.
LaTeX Font Info:    Overwriting math alphabet `\mathtt' in version `bold'
(Font)                  OT1/cmtt/m/n --> OT1/lmtt/m/n on input line 38.
) (/Users/Hugo/Library/TinyTeX/texmf-dist/tex/latex/upquote/upquote.sty
Package: upquote 2012/04/19 v1.3 upright-quote and grave-accent glyphs in verbatim
(/Users/Hugo/Library/TinyTeX/texmf-dist/tex/latex/base/textcomp.sty
Package: textcomp 2020/02/02 v2.0n Standard LaTeX package
)) (/Users/Hugo/Library/TinyTeX/texmf-dist/tex/latex/xcolor/xcolor.sty
Package: xcolor 2023/11/15 v3.01 LaTeX color extensions (UK)
(/Users/Hugo/Library/TinyTeX/texmf-dist/tex/latex/graphics-cfg/color.cfg
File: color.cfg 2016/01/02 v1.6 sample color configuration
)
Package xcolor Info: Driver file: xetex.def on input line 274.
(/Users/Hugo/Library/TinyTeX/texmf-dist/tex/latex/graphics-def/xetex.def
File: xetex.def 2022/09/22 v5.0n Graphics/color driver for xetex
) (/Users/Hugo/Library/TinyTeX/texmf-dist/tex/latex/graphics/mathcolor.ltx)
Package xcolor Info: Model `cmy' substituted by `cmy0' on input line 1350.
Package xcolor Info: Model `RGB' extended on input line 1366.
Package xcolor Info: Model `HTML' substituted by `rgb' on input line 1368.
Package xcolor Info: Model `Hsb' substituted by `hsb' on input line 1369.
Package xcolor Info: Model `tHsb' substituted by `hsb' on input line 1370.
Package xcolor Info: Model `HSB' substituted by `hsb' on input line 1371.
Package xcolor Info: Model `Gray' substituted by `gray' on input line 1372.
Package xcolor Info: Model `wave' substituted by `hsb' on input line 1373.
) (/Users/Hugo/Library/TinyTeX/texmf-dist/tex/latex/fancyvrb/fancyvrb.sty
Package: fancyvrb 2024/01/20 4.5c verbatim text (tvz,hv)
(/Users/Hugo/Library/TinyTeX/texmf-dist/tex/latex/graphics/keyval.sty
Package: keyval 2022/05/29 v1.15 key=value parser (DPC)
\KV@toks@=\toks22
)
\FV@CodeLineNo=\count289
\FV@InFile=\read2
\FV@TabBox=\box54
\c@FancyVerbLine=\count290
\FV@StepNumber=\count291
\FV@OutFile=\write3
) (/Users/Hugo/Library/TinyTeX/texmf-dist/tex/latex/framed/framed.sty
Package: framed 2011/10/22 v 0.96: framed or shaded text with page breaks
\OuterFrameSep=\skip53
\fb@frw=\dimen153
\fb@frh=\dimen154
\FrameRule=\dimen155
\FrameSep=\dimen156
) (/Users/Hugo/Library/TinyTeX/texmf-dist/tex/latex/tools/longtable.sty
Package: longtable 2023-11-01 v4.19 Multi-page Table package (DPC)
\LTleft=\skip54
\LTright=\skip55
\LTpre=\skip56
\LTpost=\skip57
\LTchunksize=\count292
\LTcapwidth=\dimen157
\LT@head=\box55
\LT@firsthead=\box56
\LT@foot=\box57
\LT@lastfoot=\box58
\LT@gbox=\box59
\LT@cols=\count293
\LT@rows=\count294
\c@LT@tables=\count295
\c@LT@chunks=\count296
\LT@p@ftn=\toks23
) (/Users/Hugo/Library/TinyTeX/texmf-dist/tex/latex/booktabs/booktabs.sty
Package: booktabs 2020/01/12 v1.61803398 Publication quality tables
\heavyrulewidth=\dimen158
\lightrulewidth=\dimen159
\cmidrulewidth=\dimen160
\belowrulesep=\dimen161
\belowbottomsep=\dimen162
\aboverulesep=\dimen163
\abovetopsep=\dimen164
\cmidrulesep=\dimen165
\cmidrulekern=\dimen166
\defaultaddspace=\dimen167
\@cmidla=\count297
\@cmidlb=\count298
\@aboverulesep=\dimen168
\@belowrulesep=\dimen169
\@thisruleclass=\count299
\@lastruleclass=\count300
\@thisrulewidth=\dimen170
) (/Users/Hugo/Library/TinyTeX/texmf-dist/tex/latex/tools/array.sty
Package: array 2023/10/16 v2.5g Tabular extension package (FMi)
\col@sep=\dimen171
\ar@mcellbox=\box60
\extrarowheight=\dimen172
\NC@list=\toks24
\extratabsurround=\skip58
\backup@length=\skip59
\ar@cellbox=\box61
) (/Users/Hugo/Library/TinyTeX/texmf-dist/tex/latex/tools/calc.sty
Package: calc 2023/07/08 v4.3 Infix arithmetic (KKT,FJ)
\calc@Acount=\count301
\calc@Bcount=\count302
\calc@Adimen=\dimen173
\calc@Bdimen=\dimen174
\calc@Askip=\skip60
\calc@Bskip=\skip61
LaTeX Info: Redefining \setlength on input line 80.
LaTeX Info: Redefining \addtolength on input line 81.
\calc@Ccount=\count303
\calc@Cskip=\skip62
) (/Users/Hugo/Library/TinyTeX/texmf-dist/tex/latex/etoolbox/etoolbox.sty
Package: etoolbox 2020/10/05 v2.5k e-TeX tools for LaTeX (JAW)
\etb@tempcnta=\count304
) (/Users/Hugo/Library/TinyTeX/texmf-dist/tex/latex/mdwtools/footnote.sty
Package: footnote 1997/01/28 1.13 Save footnotes around boxes
\fn@notes=\box62
\fn@width=\dimen175
) (/Users/Hugo/Library/TinyTeX/texmf-dist/tex/latex/graphics/graphicx.sty
Package: graphicx 2021/09/16 v1.2d Enhanced LaTeX Graphics (DPC,SPQR)
(/Users/Hugo/Library/TinyTeX/texmf-dist/tex/latex/graphics/graphics.sty
Package: graphics 2022/03/10 v1.4e Standard LaTeX Graphics (DPC,SPQR)
(/Users/Hugo/Library/TinyTeX/texmf-dist/tex/latex/graphics/trig.sty
Package: trig 2021/08/11 v1.11 sin cos tan (DPC)
) (/Users/Hugo/Library/TinyTeX/texmf-dist/tex/latex/graphics-cfg/graphics.cfg
File: graphics.cfg 2016/06/04 v1.11 sample graphics configuration
)
Package graphics Info: Driver file: xetex.def on input line 107.
)
\Gin@req@height=\dimen176
\Gin@req@width=\dimen177
) (/Users/Hugo/Library/TinyTeX/texmf-dist/tex/latex/amscls/amsthm.sty
Package: amsthm 2020/05/29 v2.20.6
\thm@style=\toks25
\thm@bodyfont=\toks26
\thm@headfont=\toks27
\thm@notefont=\toks28
\thm@headpunct=\toks29
\thm@preskip=\skip63
\thm@postskip=\skip64
\thm@headsep=\skip65
\dth@everypar=\toks30
) (/Users/Hugo/Library/TinyTeX/texmf-dist/tex/latex/natbib/natbib.sty
Package: natbib 2010/09/13 8.31b (PWD, AO)
\bibhang=\skip66
\bibsep=\skip67
LaTeX Info: Redefining \cite on input line 694.
\c@NAT@ctr=\count305
) (/Users/Hugo/Library/TinyTeX/texmf-dist/tex/latex/bookmark/bookmark.sty
Package: bookmark 2023-12-10 v1.31 PDF bookmarks (HO)
(/Users/Hugo/Library/TinyTeX/texmf-dist/tex/latex/hyperref/hyperref.sty
Package: hyperref 2024-01-20 v7.01h Hypertext links for LaTeX
(/Users/Hugo/Library/TinyTeX/texmf-dist/tex/latex/kvsetkeys/kvsetkeys.sty
Package: kvsetkeys 2022-10-05 v1.19 Key value parser (HO)
) (/Users/Hugo/Library/TinyTeX/texmf-dist/tex/generic/kvdefinekeys/kvdefinekeys.sty
Package: kvdefinekeys 2019-12-19 v1.6 Define keys (HO)
) (/Users/Hugo/Library/TinyTeX/texmf-dist/tex/generic/pdfescape/pdfescape.sty
Package: pdfescape 2019/12/09 v1.15 Implements pdfTeX's escape features (HO)
(/Users/Hugo/Library/TinyTeX/texmf-dist/tex/generic/ltxcmds/ltxcmds.sty
Package: ltxcmds 2023-12-04 v1.26 LaTeX kernel commands for general use (HO)
) (/Users/Hugo/Library/TinyTeX/texmf-dist/tex/generic/pdftexcmds/pdftexcmds.sty
Package: pdftexcmds 2020-06-27 v0.33 Utility functions of pdfTeX for LuaTeX (HO)
(/Users/Hugo/Library/TinyTeX/texmf-dist/tex/generic/infwarerr/infwarerr.sty
Package: infwarerr 2019/12/03 v1.5 Providing info/warning/error messages (HO)
)
Package pdftexcmds Info: \pdf@primitive is available.
Package pdftexcmds Info: \pdf@ifprimitive is available.
Package pdftexcmds Info: \pdfdraftmode not found.
)) (/Users/Hugo/Library/TinyTeX/texmf-dist/tex/latex/hycolor/hycolor.sty
Package: hycolor 2020-01-27 v1.10 Color options for hyperref/bookmark (HO)
) (/Users/Hugo/Library/TinyTeX/texmf-dist/tex/latex/auxhook/auxhook.sty
Package: auxhook 2019-12-17 v1.6 Hooks for auxiliary files (HO)
) (/Users/Hugo/Library/TinyTeX/texmf-dist/tex/latex/hyperref/nameref.sty
Package: nameref 2023-11-26 v2.56 Cross-referencing by name of section
(/Users/Hugo/Library/TinyTeX/texmf-dist/tex/latex/refcount/refcount.sty
Package: refcount 2019/12/15 v3.6 Data extraction from label references (HO)
) (/Users/Hugo/Library/TinyTeX/texmf-dist/tex/generic/gettitlestring/gettitlestring.sty
Package: gettitlestring 2019/12/15 v1.6 Cleanup title references (HO)
(/Users/Hugo/Library/TinyTeX/texmf-dist/tex/latex/kvoptions/kvoptions.sty
Package: kvoptions 2022-06-15 v3.15 Key value format for package options (HO)
))
\c@section@level=\count306
)
\@linkdim=\dimen178
\Hy@linkcounter=\count307
\Hy@pagecounter=\count308
(/Users/Hugo/Library/TinyTeX/texmf-dist/tex/latex/hyperref/pd1enc.def
File: pd1enc.def 2024-01-20 v7.01h Hyperref: PDFDocEncoding definition (HO)
) (/Users/Hugo/Library/TinyTeX/texmf-dist/tex/generic/intcalc/intcalc.sty
Package: intcalc 2019/12/15 v1.3 Expandable calculations with integers (HO)
)
\Hy@SavedSpaceFactor=\count309
(/Users/Hugo/Library/TinyTeX/texmf-dist/tex/latex/hyperref/puenc.def
File: puenc.def 2024-01-20 v7.01h Hyperref: PDF Unicode definition (HO)
)
Package hyperref Info: Option `unicode' set `true' on input line 4062.
Package hyperref Info: Hyper figures OFF on input line 4179.
Package hyperref Info: Link nesting OFF on input line 4184.
Package hyperref Info: Hyper index ON on input line 4187.
Package hyperref Info: Plain pages OFF on input line 4194.
Package hyperref Info: Backreferencing OFF on input line 4199.
Package hyperref Info: Implicit mode ON; LaTeX internals redefined.
Package hyperref Info: Bookmarks ON on input line 4446.
\c@Hy@tempcnt=\count310
(/Users/Hugo/Library/TinyTeX/texmf-dist/tex/latex/url/url.sty
\Urlmuskip=\muskip18
Package: url 2013/09/16  ver 3.4  Verb mode for urls, etc.
)
LaTeX Info: Redefining \url on input line 4784.
\XeTeXLinkMargin=\dimen179
(/Users/Hugo/Library/TinyTeX/texmf-dist/tex/generic/bitset/bitset.sty
Package: bitset 2019/12/09 v1.3 Handle bit-vector datatype (HO)
(/Users/Hugo/Library/TinyTeX/texmf-dist/tex/generic/bigintcalc/bigintcalc.sty
Package: bigintcalc 2019/12/15 v1.5 Expandable calculations on big integers (HO)
))
\Fld@menulength=\count311
\Field@Width=\dimen180
\Fld@charsize=\dimen181
Package hyperref Info: Hyper figures OFF on input line 6063.
Package hyperref Info: Link nesting OFF on input line 6068.
Package hyperref Info: Hyper index ON on input line 6071.
Package hyperref Info: backreferencing OFF on input line 6078.
Package hyperref Info: Link coloring OFF on input line 6083.
Package hyperref Info: Link coloring with OCG OFF on input line 6088.
Package hyperref Info: PDF/A mode OFF on input line 6093.
(/Users/Hugo/Library/TinyTeX/texmf-dist/tex/latex/base/atbegshi-ltx.sty
Package: atbegshi-ltx 2021/01/10 v1.0c Emulation of the original atbegshi
package with kernel methods
)
\Hy@abspage=\count312
\c@Item=\count313
\c@Hfootnote=\count314
)
Package hyperref Info: Driver (autodetected): hxetex.
(/Users/Hugo/Library/TinyTeX/texmf-dist/tex/latex/hyperref/hxetex.def
File: hxetex.def 2024-01-20 v7.01h Hyperref driver for XeTeX
(/Users/Hugo/Library/TinyTeX/texmf-dist/tex/generic/stringenc/stringenc.sty
Package: stringenc 2019/11/29 v1.12 Convert strings between diff. encodings (HO)
)
\pdfm@box=\box63
\c@Hy@AnnotLevel=\count315
\HyField@AnnotCount=\count316
\Fld@listcount=\count317
\c@bookmark@seq@number=\count318
(/Users/Hugo/Library/TinyTeX/texmf-dist/tex/latex/rerunfilecheck/rerunfilecheck.sty
Package: rerunfilecheck 2022-07-10 v1.10 Rerun checks for auxiliary files (HO)
(/Users/Hugo/Library/TinyTeX/texmf-dist/tex/latex/base/atveryend-ltx.sty
Package: atveryend-ltx 2020/08/19 v1.0a Emulation of the original atveryend package
with kernel methods
) (/Users/Hugo/Library/TinyTeX/texmf-dist/tex/generic/uniquecounter/uniquecounter.sty
Package: uniquecounter 2019/12/15 v1.4 Provide unlimited unique counter (HO)
)
Package uniquecounter Info: New unique counter `rerunfilecheck' on input line 285.
)
\Hy@SectionHShift=\skip68
) (/Users/Hugo/Library/TinyTeX/texmf-dist/tex/latex/bookmark/bkm-dvipdfm.def
File: bkm-dvipdfm.def 2023-12-10 v1.31 bookmark driver for dvipdfm (HO)
\BKM@id=\count319
)) (./KMS-NL.aux

LaTeX Warning: Label `eq:t-onesampleCI' multiply defined.

)
\openout1 = `KMS-NL.aux'.

LaTeX Font Info:    Checking defaults for OML/cmm/m/it on input line 131.
LaTeX Font Info:    ... okay on input line 131.
LaTeX Font Info:    Checking defaults for OMS/cmsy/m/n on input line 131.
LaTeX Font Info:    ... okay on input line 131.
LaTeX Font Info:    Checking defaults for OT1/cmr/m/n on input line 131.
LaTeX Font Info:    ... okay on input line 131.
LaTeX Font Info:    Checking defaults for T1/cmr/m/n on input line 131.
LaTeX Font Info:    ... okay on input line 131.
LaTeX Font Info:    Checking defaults for TS1/cmr/m/n on input line 131.
LaTeX Font Info:    ... okay on input line 131.
LaTeX Font Info:    Checking defaults for TU/lmr/m/n on input line 131.
LaTeX Font Info:    ... okay on input line 131.
LaTeX Font Info:    Checking defaults for OMX/cmex/m/n on input line 131.
LaTeX Font Info:    ... okay on input line 131.
LaTeX Font Info:    Checking defaults for U/cmr/m/n on input line 131.
LaTeX Font Info:    ... okay on input line 131.
LaTeX Font Info:    Checking defaults for PD1/pdf/m/n on input line 131.
LaTeX Font Info:    ... okay on input line 131.
LaTeX Font Info:    Checking defaults for PU/pdf/m/n on input line 131.
LaTeX Font Info:    ... okay on input line 131.
LaTeX Font Info:    Overwriting math alphabet `\mathrm' in version `normal'
(Font)                  OT1/lmr/m/n --> TU/lmr/m/n on input line 131.
LaTeX Font Info:    Overwriting math alphabet `\mathit' in version `normal'
(Font)                  OT1/lmr/m/it --> TU/lmr/m/it on input line 131.
LaTeX Font Info:    Overwriting math alphabet `\mathbf' in version `normal'
(Font)                  OT1/lmr/bx/n --> TU/lmr/bx/n on input line 131.
LaTeX Font Info:    Overwriting math alphabet `\mathsf' in version `normal'
(Font)                  OT1/lmss/m/n --> TU/lmss/m/n on input line 131.
LaTeX Font Info:    Overwriting math alphabet `\mathsf' in version `bold'
(Font)                  OT1/lmss/bx/n --> TU/lmss/bx/n on input line 131.
LaTeX Font Info:    Overwriting math alphabet `\mathtt' in version `normal'
(Font)                  OT1/lmtt/m/n --> TU/lmtt/m/n on input line 131.
LaTeX Font Info:    Overwriting math alphabet `\mathtt' in version `bold'
(Font)                  OT1/lmtt/m/n --> TU/lmtt/bx/n on input line 131.

Package fontspec Info: 
(fontspec)             latinmodern-math scale = 0.9999964596882403.


Package fontspec Info: 
(fontspec)             latinmodern-math scale = 0.9999964596882403.


Package fontspec Info: 
(fontspec)             latinmodern-math scale = 0.9999964596882403.


Package fontspec Info: 
(fontspec)             Font family 'latinmodern-math.otf(0)' created for font
(fontspec)             'latinmodern-math.otf' with options
(fontspec)             [Scale=MatchLowercase,BoldItalicFont={},ItalicFont={},SmallCapsFont={},Script=Math,BoldFont={latinmodern-math.otf}].
(fontspec)              
(fontspec)              This font family consists of the following NFSS
(fontspec)             series/shapes:
(fontspec)              
(fontspec)             - 'normal' (m/n) with NFSS spec.:
(fontspec)             <->s*[0.9999964596882403]"[latinmodern-math.otf]/OT:script=math;language=dflt;"
(fontspec)             - 'bold' (b/n) with NFSS spec.:
(fontspec)             <->s*[0.9999964596882403]"[latinmodern-math.otf]/OT:script=math;language=dflt;"

LaTeX Font Info:    Font shape `TU/latinmodern-math.otf(0)/m/n' will be
(Font)              scaled to size 10.0pt on input line 131.

Package fontspec Info: 
(fontspec)             latinmodern-math scale = 0.9999964596882403.


Package fontspec Info: 
(fontspec)             latinmodern-math scale = 0.9999964596882403.


Package fontspec Info: 
(fontspec)             latinmodern-math scale = 0.9999964596882403.


Package fontspec Info: 
(fontspec)             latinmodern-math scale = 0.9999964596882403.


Package fontspec Info: 
(fontspec)             latinmodern-math scale = 0.9999964596882403.


Package fontspec Info: 
(fontspec)             Font family 'latinmodern-math.otf(1)' created for font
(fontspec)             'latinmodern-math.otf' with options
(fontspec)             [Scale=MatchLowercase,BoldItalicFont={},ItalicFont={},SmallCapsFont={},Script=Math,SizeFeatures={{Size=8.5-},{Size=6-8.5,Font=latinmodern-math.otf,Style=MathScript},{Size=-6,Font=latinmodern-math.otf,Style=MathScriptScript}},BoldFont={latinmodern-math.otf}].
(fontspec)              
(fontspec)              This font family consists of the following NFSS
(fontspec)             series/shapes:
(fontspec)              
(fontspec)             - 'normal' (m/n) with NFSS spec.:
(fontspec)             <8.5->s*[0.9999964596882403]"[latinmodern-math.otf]/OT:script=math;language=dflt;"<6-8.5>s*[0.9999964596882403]"[latinmodern-math.otf]/OT:script=math;language=dflt;+ssty=0;"<-6>s*[0.9999964596882403]"[latinmodern-math.otf]/OT:script=math;language=dflt;+ssty=1;"
(fontspec)             - 'bold' (b/n) with NFSS spec.:
(fontspec)             <->s*[0.9999964596882403]"[latinmodern-math.otf]/OT:script=math;language=dflt;"

LaTeX Font Info:    Font shape `TU/latinmodern-math.otf(1)/m/n' will be
(Font)              scaled to size 10.0pt on input line 131.
LaTeX Font Info:    Encoding `OT1' has changed to `TU' for symbol font
(Font)              `operators' in the math version `normal' on input line 131.
LaTeX Font Info:    Overwriting symbol font `operators' in version `normal'
(Font)                  OT1/lmr/m/n --> TU/latinmodern-math.otf(1)/m/n on input line 131.
LaTeX Font Info:    Encoding `OT1' has changed to `TU' for symbol font
(Font)              `operators' in the math version `bold' on input line 131.
LaTeX Font Info:    Overwriting symbol font `operators' in version `bold'
(Font)                  OT1/lmr/bx/n --> TU/latinmodern-math.otf(1)/b/n on input line 131.

Package fontspec Info: 
(fontspec)             latinmodern-math scale = 0.9999964596882403.


Package fontspec Info: 
(fontspec)             latinmodern-math scale = 1.000096459334209.


Package fontspec Info: 
(fontspec)             latinmodern-math scale = 0.9999964596882403.


Package fontspec Info: 
(fontspec)             latinmodern-math scale = 1.000096459334209.


Package fontspec Info: 
(fontspec)             latinmodern-math scale = 0.9999964596882403.


Package fontspec Info: 
(fontspec)             latinmodern-math scale = 1.000096459334209.


Package fontspec Info: 
(fontspec)             latinmodern-math scale = 0.9999964596882403.


Package fontspec Info: 
(fontspec)             latinmodern-math scale = 1.000096459334209.


Package fontspec Info: 
(fontspec)             latinmodern-math scale = 0.9999964596882403.


Package fontspec Info: 
(fontspec)             latinmodern-math scale = 1.000096459334209.


Package fontspec Info: 
(fontspec)             Font family 'latinmodern-math.otf(2)' created for font
(fontspec)             'latinmodern-math.otf' with options
(fontspec)             [Scale=MatchLowercase,BoldItalicFont={},ItalicFont={},SmallCapsFont={},Script=Math,SizeFeatures={{Size=8.5-},{Size=6-8.5,Font=latinmodern-math.otf,Style=MathScript},{Size=-6,Font=latinmodern-math.otf,Style=MathScriptScript}},BoldFont={latinmodern-math.otf},ScaleAgain=1.0001,FontAdjustment={\fontdimen
(fontspec)             8\font =6.77pt\relax \fontdimen 9\font =3.94pt\relax
(fontspec)             \fontdimen 10\font =4.44pt\relax \fontdimen 11\font
(fontspec)             =6.86pt\relax \fontdimen 12\font =3.45pt\relax
(fontspec)             \fontdimen 13\font =3.63pt\relax \fontdimen 14\font
(fontspec)             =3.63pt\relax \fontdimen 15\font =2.89pt\relax
(fontspec)             \fontdimen 16\font =2.47pt\relax \fontdimen 17\font
(fontspec)             =2.47pt\relax \fontdimen 18\font =2.5pt\relax
(fontspec)             \fontdimen 19\font =2.0pt\relax \fontdimen 22\font
(fontspec)             =2.5pt\relax \fontdimen 20\font =0pt\relax \fontdimen
(fontspec)             21\font =0pt\relax }].
(fontspec)              
(fontspec)              This font family consists of the following NFSS
(fontspec)             series/shapes:
(fontspec)              
(fontspec)             - 'normal' (m/n) with NFSS spec.:
(fontspec)             <8.5->s*[1.000096459334209]"[latinmodern-math.otf]/OT:script=math;language=dflt;"<6-8.5>s*[1.000096459334209]"[latinmodern-math.otf]/OT:script=math;language=dflt;+ssty=0;"<-6>s*[1.000096459334209]"[latinmodern-math.otf]/OT:script=math;language=dflt;+ssty=1;"
(fontspec)             - 'bold' (b/n) with NFSS spec.:
(fontspec)             <->s*[1.000096459334209]"[latinmodern-math.otf]/OT:script=math;language=dflt;"

LaTeX Font Info:    Encoding `OMS' has changed to `TU' for symbol font
(Font)              `symbols' in the math version `normal' on input line 131.
LaTeX Font Info:    Overwriting symbol font `symbols' in version `normal'
(Font)                  OMS/lmsy/m/n --> TU/latinmodern-math.otf(2)/m/n on input line 131.
LaTeX Font Info:    Encoding `OMS' has changed to `TU' for symbol font
(Font)              `symbols' in the math version `bold' on input line 131.
LaTeX Font Info:    Overwriting symbol font `symbols' in version `bold'
(Font)                  OMS/lmsy/b/n --> TU/latinmodern-math.otf(2)/b/n on input line 131.

Package fontspec Info: 
(fontspec)             latinmodern-math scale = 0.9999964596882403.


Package fontspec Info: 
(fontspec)             latinmodern-math scale = 0.9998964600422715.


Package fontspec Info: 
(fontspec)             latinmodern-math scale = 0.9999964596882403.


Package fontspec Info: 
(fontspec)             latinmodern-math scale = 0.9998964600422715.


Package fontspec Info: 
(fontspec)             latinmodern-math scale = 0.9999964596882403.


Package fontspec Info: 
(fontspec)             latinmodern-math scale = 0.9998964600422715.


Package fontspec Info: 
(fontspec)             latinmodern-math scale = 0.9999964596882403.


Package fontspec Info: 
(fontspec)             latinmodern-math scale = 0.9998964600422715.


Package fontspec Info: 
(fontspec)             latinmodern-math scale = 0.9999964596882403.


Package fontspec Info: 
(fontspec)             latinmodern-math scale = 0.9998964600422715.


Package fontspec Info: 
(fontspec)             Font family 'latinmodern-math.otf(3)' created for font
(fontspec)             'latinmodern-math.otf' with options
(fontspec)             [Scale=MatchLowercase,BoldItalicFont={},ItalicFont={},SmallCapsFont={},Script=Math,SizeFeatures={{Size=8.5-},{Size=6-8.5,Font=latinmodern-math.otf,Style=MathScript},{Size=-6,Font=latinmodern-math.otf,Style=MathScriptScript}},BoldFont={latinmodern-math.otf},ScaleAgain=0.9999,FontAdjustment={\fontdimen
(fontspec)             8\font =0.4pt\relax \fontdimen 9\font =2.0pt\relax
(fontspec)             \fontdimen 10\font =1.67pt\relax \fontdimen 11\font
(fontspec)             =1.11pt\relax \fontdimen 12\font =6.0pt\relax
(fontspec)             \fontdimen 13\font =0pt\relax }].
(fontspec)              
(fontspec)              This font family consists of the following NFSS
(fontspec)             series/shapes:
(fontspec)              
(fontspec)             - 'normal' (m/n) with NFSS spec.:
(fontspec)             <8.5->s*[0.9998964600422715]"[latinmodern-math.otf]/OT:script=math;language=dflt;"<6-8.5>s*[0.9998964600422715]"[latinmodern-math.otf]/OT:script=math;language=dflt;+ssty=0;"<-6>s*[0.9998964600422715]"[latinmodern-math.otf]/OT:script=math;language=dflt;+ssty=1;"
(fontspec)             - 'bold' (b/n) with NFSS spec.:
(fontspec)             <->s*[0.9998964600422715]"[latinmodern-math.otf]/OT:script=math;language=dflt;"

LaTeX Font Info:    Encoding `OMX' has changed to `TU' for symbol font
(Font)              `largesymbols' in the math version `normal' on input line 131.
LaTeX Font Info:    Overwriting symbol font `largesymbols' in version `normal'
(Font)                  OMX/lmex/m/n --> TU/latinmodern-math.otf(3)/m/n on input line 131.
LaTeX Font Info:    Encoding `OMX' has changed to `TU' for symbol font
(Font)              `largesymbols' in the math version `bold' on input line 131.
LaTeX Font Info:    Overwriting symbol font `largesymbols' in version `bold'
(Font)                  OMX/lmex/m/n --> TU/latinmodern-math.otf(3)/b/n on input line 131.
Package hyperref Info: Link coloring OFF on input line 131.
LaTeX Font Info:    Font shape `TU/latinmodern-math.otf(1)/m/n' will be
(Font)              scaled to size 12.0pt on input line 133.
LaTeX Font Info:    Font shape `TU/latinmodern-math.otf(1)/m/n' will be
(Font)              scaled to size 8.0pt on input line 133.
LaTeX Font Info:    Font shape `TU/latinmodern-math.otf(1)/m/n' will be
(Font)              scaled to size 6.0pt on input line 133.
LaTeX Font Info:    Trying to load font information for OML+lmm on input line 133.
(/Users/Hugo/Library/TinyTeX/texmf-dist/tex/latex/lm/omllmm.fd
File: omllmm.fd 2015/05/01 v1.6.1 Font defs for Latin Modern
)
LaTeX Font Info:    Font shape `TU/latinmodern-math.otf(2)/m/n' will be
(Font)              scaled to size 12.0011pt on input line 133.
LaTeX Font Info:    Font shape `TU/latinmodern-math.otf(2)/m/n' will be
(Font)              scaled to size 8.00073pt on input line 133.
LaTeX Font Info:    Font shape `TU/latinmodern-math.otf(2)/m/n' will be
(Font)              scaled to size 6.00055pt on input line 133.
LaTeX Font Info:    Font shape `TU/latinmodern-math.otf(3)/m/n' will be
(Font)              scaled to size 11.99872pt on input line 133.
LaTeX Font Info:    Font shape `TU/latinmodern-math.otf(3)/m/n' will be
(Font)              scaled to size 7.99915pt on input line 133.
LaTeX Font Info:    Font shape `TU/latinmodern-math.otf(3)/m/n' will be
(Font)              scaled to size 5.99936pt on input line 133.
LaTeX Font Info:    Trying to load font information for U+msa on input line 133.
(/Users/Hugo/Library/TinyTeX/texmf-dist/tex/latex/amsfonts/umsa.fd
File: umsa.fd 2013/01/14 v3.01 AMS symbols A
)
LaTeX Font Info:    Trying to load font information for U+msb on input line 133.
(/Users/Hugo/Library/TinyTeX/texmf-dist/tex/latex/amsfonts/umsb.fd
File: umsb.fd 2013/01/14 v3.01 AMS symbols B
) [1


] [2

] (./KMS-NL.toc
LaTeX Font Info:    Font shape `TU/latinmodern-math.otf(1)/m/n' will be
(Font)              scaled to size 7.0pt on input line 2.
LaTeX Font Info:    Font shape `TU/latinmodern-math.otf(1)/m/n' will be
(Font)              scaled to size 5.0pt on input line 2.
LaTeX Font Info:    Font shape `TU/latinmodern-math.otf(2)/m/n' will be
(Font)              scaled to size 10.00092pt on input line 2.
LaTeX Font Info:    Font shape `TU/latinmodern-math.otf(2)/m/n' will be
(Font)              scaled to size 7.00064pt on input line 2.
LaTeX Font Info:    Font shape `TU/latinmodern-math.otf(2)/m/n' will be
(Font)              scaled to size 5.00046pt on input line 2.
LaTeX Font Info:    Font shape `TU/latinmodern-math.otf(3)/m/n' will be
(Font)              scaled to size 9.99893pt on input line 2.
LaTeX Font Info:    Font shape `TU/latinmodern-math.otf(3)/m/n' will be
(Font)              scaled to size 6.99925pt on input line 2.
LaTeX Font Info:    Font shape `TU/latinmodern-math.otf(3)/m/n' will be
(Font)              scaled to size 4.99947pt on input line 2.
[3] [4] [5] [6]
Underfull \hbox (badness 1762) in paragraph at lines 262--262
 [][] [][]$[][]$\TU/lmr/m/n/10 -toets voor homogeniteit van een variabele in meerdere 
 []

[7])
\tf@toc=\write4
\openout4 = `KMS-NL.toc'.

[8] [9

] [10]
Underfull \hbox (badness 10000) in paragraph at lines 216--217

 []

[11] [12

] [13] [14]
Chapter 1.
[15

] [16] [17] [18] [19]
Underfull \hbox (badness 1622) in paragraph at lines 461--472
\TU/lmr/m/n/10 gegevens (klankvormen, toonhoogteverloop) beschreven zijn. Vaak zijn
 []

[20] [21] [22] [23] [24]
Chapter 2.
[25

] [26] [27] [28] [29] [30]
Underfull \hbox (badness 1163) in paragraph at lines 991--998
\TU/lmr/m/n/10 geopperd waarvan de onderzoeker vermoedt dat die algemeen geldig is.
 []

[31] [32] [33] [34]
Overfull \hbox (33.83005pt too wide) in alignment at lines 1185--1190
 [] [] [] 
 []


Overfull \hbox (33.83005pt too wide) in alignment at lines 1190--1194
 [] [] [] 
 []


Overfull \hbox (33.83005pt too wide) in alignment at lines 1194--1196
 [] [] [] 
 []


Overfull \hbox (33.83005pt too wide) in alignment at lines 1196--1206
 [] [] [] 
 []

[35] [36] [37] [38] [39] [40]
Chapter 3.

Underfull \hbox (badness 3281) in paragraph at lines 1407--1414
\TU/lmr/m/n/10 Wetenschappelijk onderzoek heeft de mensheid onmetelijk grote baten
 []


Underfull \hbox (badness 3375) in paragraph at lines 1421--1421
[][][]\TU/lmr/m/n/8 Een kopie van de brief is te lezen via []$[][][][] [] [] [] [][][][][][][][][][][][][][] [] [][][] [] [][][] [] [][][][][] [] [][][] []
 []


Underfull \hbox (badness 3826) in paragraph at lines 1432--1440
[]\TU/lmr/m/n/10 In dit hoofdstuk bespreken we de ethische en morele aspecten van
 []


Underfull \hbox (badness 1057) in paragraph at lines 1432--1440
\TU/lmr/m/n/10 wetenschappelijk onderzoek. Wetenschap is mensenwerk, en het vereist
 []


Underfull \hbox (badness 3000) in paragraph at lines 1432--1440
\TU/lmr/m/n/10 een goed ontwikkeld beoordelingsvermogen van de onderzoekers. De
 []


Underfull \hbox (badness 10000) in paragraph at lines 1432--1440
\TU/lmr/m/it/10 Nederlandse Gedragscode Wetenschappelijke Integriteit \TU/lmr/m/n/10 ([]VSNU[], []2018[])
 []


Underfull \hbox (badness 7273) in paragraph at lines 1432--1440
\TU/lmr/m/n/10 ([]$[][][][] [] [] [] [][][] [] [][][][] [] [][] [] [][][][][][][][][][][][][][][][][] [] [][][][][][][][][][][]$[]) beschrijft hoe weten-
 []

[41

] [42] [43] [44] [45]
Underfull \hbox (badness 2173) in paragraph at lines 1653--1664
[]\TU/lmr/m/n/10 Foto’s en opnames van personen (audio, video, fysiologische gegevens,
 []


Underfull \hbox (badness 1184) in paragraph at lines 1653--1664
\TU/lmr/m/n/10 opnames worden dus als portretten beschouwd. Bij publicatie kan de
 []

[46]
Underfull \hbox (badness 1297) in paragraph at lines 1704--1716
[]\TU/lmr/m/n/10 De zorgvuldigheid vereist ook dat we goed bijhouden wat de gegevens
 []


Underfull \hbox (badness 1776) in paragraph at lines 1724--1736
[]\TU/lmr/m/it/10 Voorbeeld 3.4\TU/lmr/m/n/10 : Het bestand []$[][][][] [] [] [] [][][][][][][] [] [][][] [] [][][][][][][]$[] bevat
 []

[47] [48]
Underfull \hbox (badness 2393) in paragraph at lines 1838--1841
[]\TU/lmr/m/n/10 het overnemen van gedrukt materiaal zoals boeken, ti-
 []


Underfull \hbox (badness 2119) in paragraph at lines 1838--1841
\TU/lmr/m/n/10 jdschriften en encyclopedieën zonder aanhalingstekens en
 []

[49]
Underfull \hbox (badness 1527) in paragraph at lines 1862--1867
\TU/lmr/m/n/10 auteurs plagiaat wordt gepleegd, zijn de andere auteurs
 []


Underfull \hbox (badness 10000) in paragraph at lines 1872--1873
[][]$[][][][] [] [] [] [][][][][][][][] [] [][] [] [][] [] [][][][][][][][][][] [][] [][][][][] [] [][][][][][][][][][] [][] [][] [][] [][][][][][][][][][] []
 []


Underfull \hbox (badness 2837) in paragraph at lines 1897--1906
\TU/lmr/m/n/10 van zulke programma’s is te vinden via []$[][][][][] [] [] [] [][] [] [][][][][][][][][] [] [][][] [] [][][][] []
 []


Underfull \hbox (badness 1496) in paragraph at lines 1897--1906
[][][][][][][][][][] [] [][] [] [][][][][][][][][] [] [][][][][][][][][][] [] [][][][][][][][]$[]\TU/lmr/m/n/10 . Voor dit tekstboek is
 []

[50] [51] [52

]
Chapter 4.
[53] [54] [55] [56]
Chapter 5.
[57

] [58] [59] [60] [61] [62] [63] [64] [65]
Underfull \vbox (badness 10000) has occurred while \output is active []

[66] [67]
Underfull \hbox (badness 2680) in paragraph at lines 2623--2630
[]\TU/lmr/m/it/10 Voorbeeld 5.7\TU/lmr/m/n/10 : Zoals hierboven aangegeven kan het begrip
 []


Underfull \hbox (badness 10000) in paragraph at lines 2635--2639

 []

[68] [69]
Underfull \hbox (badness 1442) in paragraph at lines 2768--2783
\TU/lmr/m/n/10 conditie werd het gestructureerde leesonderwijs verzorgd door
 []

[70] [71] [72] [73] [74] [75] [76] [77] [78]
Chapter 6.
[79

] [80]
Underfull \hbox (badness 1092) in paragraph at lines 3265--3283
\TU/lmr/m/n/10 toegepast, maar er zijn desalniettemin diverse factoren die de validiteit
 []

[81]
Overfull \hbox (7.82867pt too wide) in paragraph at lines 3318--3318
[]\TU/lmr/bx/n/14.4 Het één-groep-voormeting-nameting-ontwerp 
 []


Underfull \hbox (badness 10000) in paragraph at lines 3354--3354
[]\TU/lmr/bx/n/14.4 Het voormeting-nameting-controlegroep-
 []

[82] [83] [84]
Underfull \hbox (badness 1365) in paragraph at lines 3482--3487
\TU/lmr/m/n/10 Het Solomon-vier-groepen-ontwerp wordt veel minder vaak gebruikt dan
 []

[85] [86] [87]
Underfull \hbox (badness 1226) in paragraph at lines 3624--3640
\TU/lmr/m/n/10 hogere nivo’s (synthetisch of voorspellend luisteren): hij tikt
 []

File: figures/DrakeBenElHeni2003Fig2.pdf Graphic file (type pdf)
<use figures/DrakeBenElHeni2003Fig2.pdf>
[88] [89] [90]
Underfull \hbox (badness 6032) in paragraph at lines 3724--3724
[]\TU/lmr/bx/n/14.4 Afhankelijke- en onafhankelijke-groepen-
 []

[91] [92]
Underfull \hbox (badness 2790) in paragraph at lines 3861--3871
\TU/lmr/m/n/10 iets mis is in de onderzoeksvragen, operationalisatie, onderzoeksopzet,
 []


Underfull \hbox (badness 3449) in paragraph at lines 3861--3871
\TU/lmr/m/n/10 steekproeftrekking, en/of dataverwerking. Die problemen veroorzaken
 []


Underfull \hbox (badness 1655) in paragraph at lines 3861--3871
\TU/lmr/m/n/10 ook in kennis die minder betrouwbaar, valide en robuust is dan mo-
 []


Underfull \hbox (badness 10000) in paragraph at lines 3861--3871
[]$[][][][][] [] [] [] [][][] [] [][][][][][][][] [] [][][] [] [][][][][][] [] [][][][][][][] [] [][][][][][][] [][] [][][][][][][][][][][][][][][][][][][]$[]\TU/lmr/m/n/10 )
 []

[93] [94] [95] [96

]
Chapter 7.
[97] [98] [99] [100] [101] [102] [103]
LaTeX Font Info:    Font shape `TU/lmtt/bx/n' in size <10> not available
(Font)              Font shape `TU/lmtt/b/n' tried instead on input line 4223.
[104] [105] [106] [107

] [108]
Chapter 8.
[109

]
Underfull \hbox (badness 10000) in paragraph at lines 4371--4371
\TU/lmr/m/n/10 in het *Corpus Gesproken Nederlands* (C=consonant=medeklinker,
 []

[110] [111]
Underfull \hbox (badness 10000) in paragraph at lines 4492--4496

 []

[112] [113] [114]
File: KMS-NL_files/figure-latex/klankfreq-barplot-1.pdf Graphic file (type pdf)
<use KMS-NL_files/figure-latex/klankfreq-barplot-1.pdf>

Underfull \hbox (badness 6691) in paragraph at lines 4575--4575
[]\TU/lmr/m/n/10 Figure 8.1: [][]Staafdiagram van de frequentieverdeling van fonologis-
 []


Underfull \hbox (badness 6428) in paragraph at lines 4575--4575
\TU/lmr/m/n/10 che klasse van spraakklanken in het Corpus Gesproken Nederlands
 []


Underfull \vbox (badness 10000) has occurred while \output is active []

[115]
File: KMS-NL_files/figure-latex/troonrede2012-hist-1.pdf Graphic file (type pdf)
<use KMS-NL_files/figure-latex/troonrede2012-hist-1.pdf>
[116]
Underfull \hbox (badness 10000) in paragraph at lines 4634--4639

 []

[117] [118]
Chapter 9.
[119

] [120]
File: KMS-NL_files/figure-latex/wachttijden-hist-1.pdf Graphic file (type pdf)
<use KMS-NL_files/figure-latex/wachttijden-hist-1.pdf>
[121] [122]
Underfull \hbox (badness 10000) in paragraph at lines 4846--4846
[][][][]$[][][][] [] [] [] [][][] [] [][][] [] [][] [] [][] [][] [][] [] [][][][] [] [][][][][][] [] [][][][][][][] [][] [][][][][][][][][][][] [] [][][][][][][] [] [][][][][] []
 []

[123]
Underfull \hbox (badness 1303) in paragraph at lines 4890--4900
\TU/lmr/m/n/10 den/uur), vormt het harmonische gemiddelde hier een betere
 []

[124]
File: KMS-NL_files/figure-latex/centrummaten-1.pdf Graphic file (type pdf)
<use KMS-NL_files/figure-latex/centrummaten-1.pdf>
[125] [126] [127]
File: KMS-NL_files/figure-latex/cito-boxplot-1.pdf Graphic file (type pdf)
<use KMS-NL_files/figure-latex/cito-boxplot-1.pdf>
[128] [129] [130] [131]
Missing character: There is no   (U+2006) in font [lmroman10-regular]:mapping=tex-text;!
Missing character: There is no   (U+2006) in font [lmroman10-regular]:mapping=tex-text;!
Missing character: There is no   (U+2006) in font [lmroman10-regular]:mapping=tex-text;!
[132] [133] [134] [135]
Underfull \hbox (badness 10000) in paragraph at lines 5474--5475

 []

[136]
Underfull \hbox (badness 10000) in paragraph at lines 5480--5486

 []


Underfull \hbox (badness 10000) in paragraph at lines 5487--5488

 []


Underfull \hbox (badness 10000) in paragraph at lines 5493--5499

 []


Underfull \hbox (badness 10000) in paragraph at lines 5500--5501

 []


Underfull \hbox (badness 10000) in paragraph at lines 5506--5510

 []

[137]
Missing character: There is no σ (U+03C3) in font [lmmono10-regular]:!
[138]
File: KMS-NL_files/figure-latex/cito-summary-boxplot-1.pdf Graphic file (type pdf)
<use KMS-NL_files/figure-latex/cito-summary-boxplot-1.pdf>

Underfull \vbox (badness 5696) has occurred while \output is active []

[139] [140]
Overfull \hbox (33.0pt too wide) in paragraph at lines 5661--5661
[]\TU/lmtt/m/n/10 ## [1] -1.1575990  0.6776189  2.3716662 -0.3105753  0.1129365 -0.7340872[] 
 []

[141] [142

]
Chapter 10.
[143] [144] [145]
File: KMS-NL_files/figure-latex/binomkansverdeling3-1.pdf Graphic file (type pdf)
<use KMS-NL_files/figure-latex/binomkansverdeling3-1.pdf>

Underfull \hbox (badness 1337) in paragraph at lines 5887--5891
[]\TU/lmr/m/n/10 De kansverdeling van een binomiale variabele noemen we de binomiale
 []

[146] [147]

Package amsmath Warning: Foreign command \atopwithdelims;
(amsmath)                \frac or \genfrac should be used instead
(amsmath)                 on input line 5896.

[148] [149]
File: KMS-NL_files/figure-latex/binomkansverdeling50n500-1.pdf Graphic file (type pdf)
<use KMS-NL_files/figure-latex/binomkansverdeling50n500-1.pdf>
File: KMS-NL_files/figure-latex/normaalkansverdeling-1.pdf Graphic file (type pdf)
<use KMS-NL_files/figure-latex/normaalkansverdeling-1.pdf>
[150] [151] [152] [153] [154]
File: KMS-NL_files/figure-latex/normkansverdeling.dnorm-1.pdf Graphic file (type pdf)
<use KMS-NL_files/figure-latex/normkansverdeling.dnorm-1.pdf>

Overfull \hbox (11.1839pt too wide) in paragraph at lines 6254--6254
[]\TU/lmr/bx/n/14.4 Heeft mijn variabele een normale kansverdel-
 []


LaTeX Warning: Reference `fig:itunestimeshist' on page 155 undefined on input line 6259.

[155]
File: KMS-NL_files/figure-latex/itunestimeshist-1.pdf Graphic file (type pdf)
<use KMS-NL_files/figure-latex/itunestimeshist-1.pdf>
File: KMS-NL_files/figure-latex/itunestimesqqplot-1.pdf Graphic file (type pdf)
<use KMS-NL_files/figure-latex/itunestimesqqplot-1.pdf>

LaTeX Warning: Reference `fig:itunestimeshist' on page 156 undefined on input line 6293.

[156]
Underfull \vbox (badness 1533) has occurred while \output is active []

[157]
Underfull \hbox (badness 4084) in paragraph at lines 6357--6357
[]\TU/lmr/bx/n/14.4 Wat als mijn variabele niet normaal
 []

[158]
File: KMS-NL_files/figure-latex/itunesmeanshist-1.pdf Graphic file (type pdf)
<use KMS-NL_files/figure-latex/itunesmeanshist-1.pdf>
[159]
Underfull \vbox (badness 10000) has occurred while \output is active []

[160]
File: KMS-NL_files/figure-latex/tkansverdeling-1.pdf Graphic file (type pdf)
<use KMS-NL_files/figure-latex/tkansverdeling-1.pdf>
[161]
File: KMS-NL_files/figure-latex/tempo95CIs-1.pdf Graphic file (type pdf)
<use KMS-NL_files/figure-latex/tempo95CIs-1.pdf>
[162] [163] [164]
Chapter 11.
[165

]
File: KMS-NL_files/figure-latex/cito-scatter-1.pdf Graphic file (type pdf)
<use KMS-NL_files/figure-latex/cito-scatter-1.pdf>

Underfull \vbox (badness 10000) has occurred while \output is active []

[166]
File: KMS-NL_files/figure-latex/cor-scatter-1.pdf Graphic file (type pdf)
<use KMS-NL_files/figure-latex/cor-scatter-1.pdf>
[167]
Underfull \hbox (badness 2310) in paragraph at lines 6714--6714
[]\TU/lmr/m/n/10 Table 11.1: []Correlaties tussen de drie onderdelen van de
 []

[168] [169]
Overfull \hbox (7.90701pt too wide) in paragraph at lines 6776--6780
[]\TU/lmr/m/n/10 Kies \TU/lmtt/m/n/10 Pearsons \TU/lmr/m/n/10 correlatiecoëfficiënt, vink aan: \TU/lmtt/m/n/10 Flag significant correlations\TU/lmr/m/n/10 .
 []

[170]
File: KMS-NL_files/figure-latex/cito-linearmodel-1.pdf Graphic file (type pdf)
<use KMS-NL_files/figure-latex/cito-linearmodel-1.pdf>
[171] [172] [173] [174] [175] [176] [177] [178]
Overfull \hbox (48.75pt too wide) in paragraph at lines 7217--7217
[]\TU/lmtt/m/n/10 ## Warning in cor.test.default(Lezen, Rekenen, method = "spearman"): Cannot[] 
 []

[179] [180] [181] [182] [183]
File: figures/correlation.png Graphic file (type bmp)
<figures/correlation.png>
[184] [185] [186

]
Chapter 12.
[187]
Underfull \hbox (badness 1688) in paragraph at lines 7508--7513
\TU/lmr/m/n/10 verschillende vragen \TU/lmr/m/it/10 hetzelfde \TU/lmr/m/n/10 construct meten, hier het con-
 []

[188]
Underfull \hbox (badness 1189) in paragraph at lines 7582--7594
[]\TU/lmr/m/it/10 Voorbeeld 12.3: \TU/lmr/m/n/10 ([]Lata-Caneda et al.[], []2009[]) ontwikkelden een
 []


Underfull \hbox (badness 2158) in paragraph at lines 7582--7594
\TU/lmr/m/n/10 Spaanstalige vragenlijst van 39 vragen, bedoeld voor afasie-
 []


Underfull \hbox (badness 2671) in paragraph at lines 7582--7594
\TU/lmr/m/n/10 tweemaal afgenomen bij een steekproef van 23 Spaanstalige
 []

[189]
Missing character: There is no   (U+2006) in font [lmroman10-regular]:mapping=tex-text;!
Missing character: There is no   (U+2006) in font [lmroman10-regular]:mapping=tex-text;!
Missing character: There is no   (U+2006) in font [lmroman10-regular]:mapping=tex-text;!
[190]
Missing character: There is no   (U+2006) in font [lmroman8-regular]:mapping=tex-text;!
[191] [192]
Underfull \hbox (badness 2088) in paragraph at lines 7800--7814
[]\TU/lmr/m/n/10 Hierboven hebben we gesproken over metingen met behulp van meet-
 []

[193] [194] [195] [196] [197]
Underfull \hbox (badness 10000) in paragraph at lines 8026--8029

 []


Overfull \hbox (6.50201pt too wide) in paragraph at lines 8034--8046
\TU/lmr/m/n/10 Vul als Scale label in een aanduiding van het construct, bijv. \TU/lmtt/m/n/10 Spreekvaardigheid\TU/lmr/m/n/10 . 
 []


Underfull \hbox (badness 1895) in paragraph at lines 8034--8046
\TU/lmr/m/n/10 Kies \TU/lmtt/m/n/10 Statistics…\TU/lmr/m/n/10 , vink aan: Descriptives for \TU/lmtt/m/n/10 Item, Scale, Scale if
 []


Underfull \hbox (badness 10000) in paragraph at lines 8059--8060

 []


Underfull \hbox (badness 1540) in paragraph at lines 8065--8068
\TU/lmr/m/n/10 Statistics” \TU/lmtt/m/n/10 Cronbach[]s a (if item dropped) \TU/lmr/m/n/10 en \TU/lmtt/m/n/10 Item-rest correlation
 []


Underfull \hbox (badness 10000) in paragraph at lines 8065--8068

 []

[198]
Underfull \hbox (badness 10000) in paragraph at lines 8081--8083

 []

[199]
Overfull \hbox (48.75pt too wide) in paragraph at lines 8095--8095
[]\TU/lmtt/m/n/10 ## Number of categories should be increased  in order to count frequencies.[] 
 []


Overfull \hbox (17.25pt too wide) in paragraph at lines 8121--8121
[]\TU/lmtt/m/n/10 ##   raw_alpha std.alpha G6(smc) average_r S/N  ase mean  sd median_r[] 
 []


Overfull \hbox (12.0pt too wide) in paragraph at lines 8121--8121
[]\TU/lmtt/m/n/10 ##       0.68      0.68    0.74      0.41 2.1 0.17   72 4.6     0.41[] 
 []


Overfull \hbox (17.25pt too wide) in paragraph at lines 8121--8121
[]\TU/lmtt/m/n/10 ##    raw_alpha std.alpha G6(smc) average_r  S/N alpha se var.r med.r[] 
 []


Overfull \hbox (17.25pt too wide) in paragraph at lines 8121--8121
[]\TU/lmtt/m/n/10 ## B1      0.15      0.16   0.088     0.088 0.19    0.497    NA 0.088[] 
 []


Overfull \hbox (17.25pt too wide) in paragraph at lines 8121--8121
[]\TU/lmtt/m/n/10 ## B2      0.58      0.58   0.410     0.410 1.39    0.264    NA 0.410[] 
 []


Overfull \hbox (17.25pt too wide) in paragraph at lines 8121--8121
[]\TU/lmtt/m/n/10 ## B3      0.84      0.85   0.745     0.745 5.84    0.095    NA 0.745[] 
 []

[200] [201] [202

] [203] [204]
Chapter 13.
[205

]
File: KMS-NL_files/figure-latex/gramm2013onesample-1.pdf Graphic file (type pdf)
<use KMS-NL_files/figure-latex/gramm2013onesample-1.pdf>
[206]
LaTeX Font Info:    Font shape `TU/latinmodern-math.otf(1)/m/n' will be
(Font)              scaled to size 14.4pt on input line 8278.
LaTeX Font Info:    Font shape `TU/latinmodern-math.otf(2)/m/n' will be
(Font)              scaled to size 14.4013pt on input line 8278.
LaTeX Font Info:    Font shape `TU/latinmodern-math.otf(3)/m/n' will be
(Font)              scaled to size 14.39845pt on input line 8278.
[207] [208] [209]
Overfull \hbox (72.65001pt too wide) in paragraph at lines 8402--8404
\TU/lmr/m/n/10 De hierboven besproken gegevens zijn te vinden in het bestand \TU/lmtt/m/n/10 data/grammaticatoets2013.csv\TU/lmr/m/n/10 . 
 []


Overfull \hbox (72.65001pt too wide) in paragraph at lines 8437--8439
\TU/lmr/m/n/10 De hierboven besproken gegevens zijn te vinden in het bestand \TU/lmtt/m/n/10 data/grammaticatoets2013.csv\TU/lmr/m/n/10 . 
 []

[210] [211] [212]
Underfull \hbox (badness 1152) in paragraph at lines 8578--8581
[]\TU/lmr/m/n/10 De gemiddelde score van de studenten Taalwetenschap (licht-
 []

[213]
File: KMS-NL_files/figure-latex/gramm2013CIs-1.pdf Graphic file (type pdf)
<use KMS-NL_files/figure-latex/gramm2013CIs-1.pdf>
[214] [215]
Overfull \hbox (14.32307pt too wide) in paragraph at lines 8726--8726
[]$[]$\TU/lmr/bx/n/14.4 -toets voor twee onafhankelijke steekproeven 
 []

[216]
Missing character: There is no   (U+2006) in font [lmroman10-regular]:mapping=tex-text;!
Missing character: There is no   (U+2006) in font [lmroman10-regular]:mapping=tex-text;!
Missing character: There is no   (U+2006) in font [lmroman10-regular]:mapping=tex-text;!
[217] [218] [219] [220]
Underfull \hbox (badness 10000) in paragraph at lines 8974--8976

 []


Underfull \hbox (badness 10000) in paragraph at lines 8977--8992

 []


Overfull \hbox (17.25pt too wide) in paragraph at lines 9025--9025
[]\TU/lmtt/m/n/10 ## alternative hypothesis: true difference in means is not equal to 0[] 
 []

[221] [222] [223] [224] [225]
Missing character: There is no   (U+2006) in font [lmroman10-regular]:mapping=tex-text;!
Missing character: There is no   (U+2006) in font [lmroman10-regular]:mapping=tex-text;!
[226]
Missing character: There is no   (U+2006) in font [lmroman10-regular]:mapping=tex-text;!
File: KMS-NL_files/figure-latex/kleinstesignifverschil-1.pdf Graphic file (type pdf)
<use KMS-NL_files/figure-latex/kleinstesignifverschil-1.pdf>

Underfull \hbox (badness 1454) in paragraph at lines 9345--9354
[]\TU/lmr/m/it/10 Voorbeeld 13.3: \TU/lmr/m/n/10 Kijk nog eens naar formule [] en naar
 []

[227] [228] [229]
Underfull \hbox (badness 10000) in paragraph at lines 9460--9461

 []


Overfull \hbox (38.25pt too wide) in paragraph at lines 9474--9474
[]\TU/lmtt/m/n/10 ## Warning in mean.default(score.TW): argument is not numeric or logical:[] 
 []

[230] [231]
Underfull \hbox (badness 2401) in paragraph at lines 9593--9612
\TU/lmr/m/n/10 de onbekende ware effectgrootte in de populatie buiten het gevonden
 []

[232]
Chapter 14.
[233

]
File: KMS-NL_files/figure-latex/powercontours-alpha01-1.pdf Graphic file (type pdf)
<use KMS-NL_files/figure-latex/powercontours-alpha01-1.pdf>
File: KMS-NL_files/figure-latex/powercontours-alpha05-1.pdf Graphic file (type pdf)
<use KMS-NL_files/figure-latex/powercontours-alpha05-1.pdf>

Underfull \vbox (badness 1097) has occurred while \output is active []

[234] [235]
Underfull \vbox (badness 2521) has occurred while \output is active []

[236]
Underfull \hbox (badness 10000) in paragraph at lines 9771--9771
[]\TU/lmr/bx/n/14.4 Verband tussen significantieniveau en
 []

[237]
File: KMS-NL_files/figure-latex/underpoweredeffectsizes-1.pdf Graphic file (type pdf)
<use KMS-NL_files/figure-latex/underpoweredeffectsizes-1.pdf>

LaTeX Warning: Reference `fig:underpoweredeffectsizes' on page 238 undefined on input line 9809.


LaTeX Warning: Reference `fig:underpoweredeffectsizes' on page 238 undefined on input line 9810.


Underfull \hbox (badness 10000) in paragraph at lines 9806--9825
[][]
 []

[238]

LaTeX Warning: Reference `fig:underpoweredeffectsizes' on page 239 undefined on input line 9855.

[239] [240]
Chapter 15.
[241

]
File: KMS-NL_files/figure-latex/syldur-boxplot-1.pdf Graphic file (type pdf)
<use KMS-NL_files/figure-latex/syldur-boxplot-1.pdf>
[242] [243] [244]
File: KMS-NL_files/figure-latex/kleurtjes-obs-1.pdf Graphic file (type pdf)
<use KMS-NL_files/figure-latex/kleurtjes-obs-1.pdf>
[245] [246] [247] [248] [249] [250] [251] [252]
Underfull \hbox (badness 10000) in paragraph at lines 10521--10524

 []

[253]
Underfull \hbox (badness 1122) in paragraph at lines 10546--10550
[]\TU/lmr/m/n/10 Daarna wordt de variantieanalyse samengevat in een tabel gelijkend op
 []


Underfull \hbox (badness 10000) in paragraph at lines 10553--10569

 []

[254] [255] [256] [257] [258] [259] [260]
File: figures/DBE2012interaction_v2.png Graphic file (type bmp)
<figures/DBE2012interaction_v2.png>
[261] [262] [263] [264] [265] [266] [267]
Overfull \hbox (59.25pt too wide) in paragraph at lines 11176--11176
[]\TU/lmtt/m/n/10 ##                                      diff         lwr        upr     p adj[] 
 []


Overfull \hbox (59.25pt too wide) in paragraph at lines 11176--11176
[]\TU/lmtt/m/n/10 ## zonder:zwak-met:zwak           -4.1333333 -5.60315087 -2.6635158 0.0000000[] 
 []


Overfull \hbox (59.25pt too wide) in paragraph at lines 11176--11176
[]\TU/lmtt/m/n/10 ## met:gemiddeld-met:zwak         -0.1461538 -1.27642935  0.9841217 0.9989799[] 
 []


Overfull \hbox (59.25pt too wide) in paragraph at lines 11176--11176
[]\TU/lmtt/m/n/10 ## zonder:gemiddeld-met:zwak      -2.1571429 -3.27255218 -1.0417335 0.0000031[] 
 []


Overfull \hbox (59.25pt too wide) in paragraph at lines 11176--11176
[]\TU/lmtt/m/n/10 ## met:sterk-met:zwak              1.4222222 -0.04759532  2.8920398 0.0637117[] 
 []


Overfull \hbox (59.25pt too wide) in paragraph at lines 11176--11176
[]\TU/lmtt/m/n/10 ## zonder:sterk-met:zwak           0.7714286 -0.82423518  2.3670923 0.7218038[] 
 []


Overfull \hbox (59.25pt too wide) in paragraph at lines 11176--11176
[]\TU/lmtt/m/n/10 ## met:gemiddeld-zonder:zwak       3.9871795  2.63899048  5.3353685 0.0000000[] 
 []


Overfull \hbox (59.25pt too wide) in paragraph at lines 11176--11176
[]\TU/lmtt/m/n/10 ## zonder:gemiddeld-zonder:zwak    1.9761905  0.64044018  3.3119408 0.0005900[] 
 []


Overfull \hbox (59.25pt too wide) in paragraph at lines 11176--11176
[]\TU/lmtt/m/n/10 ## met:sterk-zonder:zwak           5.5555556  3.91224959  7.1988615 0.0000000[] 
 []

[268]
Overfull \hbox (59.25pt too wide) in paragraph at lines 11176--11176
[]\TU/lmtt/m/n/10 ## zonder:sterk-zonder:zwak        4.9047619  3.14799393  6.6615299 0.0000000[] 
 []


Overfull \hbox (59.25pt too wide) in paragraph at lines 11176--11176
[]\TU/lmtt/m/n/10 ## zonder:gemiddeld-met:gemiddeld -2.0109890 -2.96040355 -1.0615745 0.0000003[] 
 []


Overfull \hbox (59.25pt too wide) in paragraph at lines 11176--11176
[]\TU/lmtt/m/n/10 ## met:sterk-met:gemiddeld         1.5683761  0.22018706  2.9165651 0.0130213[] 
 []


Overfull \hbox (59.25pt too wide) in paragraph at lines 11176--11176
[]\TU/lmtt/m/n/10 ## zonder:sterk-met:gemiddeld      0.9175824 -0.56680056  2.4019654 0.4704754[] 
 []


Overfull \hbox (59.25pt too wide) in paragraph at lines 11176--11176
[]\TU/lmtt/m/n/10 ## met:sterk-zonder:gemiddeld      3.5793651  2.24361478  4.9151154 0.0000000[] 
 []


Overfull \hbox (59.25pt too wide) in paragraph at lines 11176--11176
[]\TU/lmtt/m/n/10 ## zonder:sterk-zonder:gemiddeld   2.9285714  1.45547670  4.4016662 0.0000016[] 
 []


Overfull \hbox (59.25pt too wide) in paragraph at lines 11176--11176
[]\TU/lmtt/m/n/10 ## zonder:sterk-met:sterk         -0.6507937 -2.40756162  1.1059743 0.8883523[] 
 []

[269] [270

]
Chapter 16.

Underfull \hbox (badness 1072) in paragraph at lines 11192--11206
\TU/lmr/m/n/10 We zagen al eerder dat we niet altijd gebruik kunnen maken van een
 []

[271] [272]
Overfull \hbox (105.13423pt too wide) has occurred while \output is active
\TU/lmr/m/sl/10 16.4.  $[][]$-TOETS VOOR VERBAND TUSSEN TWEE VARIABELEN IN ENKELE STEEKPROEF \TU/lmr/m/n/10 273
 []

[273] [274] [275] [276] [277]
Underfull \hbox (badness 1178) in paragraph at lines 11516--11521
[]\TU/lmr/m/n/10 Selecteer de variabelen \TU/lmtt/m/n/10 klasse \TU/lmr/m/n/10 (in “Rows” paneel) en \TU/lmtt/m/n/10 overlevende \TU/lmr/m/n/10 (in
 []


Underfull \hbox (badness 10000) in paragraph at lines 11550--11551

 []

[278]
Underfull \hbox (badness 10000) in paragraph at lines 11562--11564

 []

[279] [280]
Overfull \hbox (33.0pt too wide) in paragraph at lines 11632--11632
[]\TU/lmtt/m/n/10 ## [1]  1.2649111 -0.3162278  0.3162278  0.0000000  1.5811388 -2.8460499[] 
 []

[281]
Overfull \hbox (39.03012pt too wide) in alignment at lines 11698--11703
 [] [] [] [] [] [] [] 
 []


Overfull \hbox (39.03012pt too wide) in alignment at lines 11703--11707
 [] [] [] [] [] [] [] 
 []


Overfull \hbox (39.03012pt too wide) in alignment at lines 11707--11709
 [] [] [] [] [] [] [] 
 []


Overfull \hbox (39.03012pt too wide) in alignment at lines 11709--11713
 [] [] [] [] [] [] [] 
 []


Underfull \hbox (badness 6608) in paragraph at lines 11723--11729
\TU/lmr/m/n/10 83 sterfgevallen-door-longkanker tegenover 21178 niet-sterfgevallen-door-
 []

[282] [283] [284

]
Chapter 17.
[285] [286]
Underfull \hbox (badness 10000) in paragraph at lines 11862--11862
[]\TU/lmr/bx/n/14.4 Onafhankelijke observaties, meerdere
 []


Underfull \hbox (badness 1342) in paragraph at lines 11866--11875
\TU/lmr/m/n/10 De mediaantoets (Eng. ‘median test’) is te beschouwen als een non-
 []


Underfull \hbox (badness 3758) in paragraph at lines 11866--11875
\TU/lmr/m/n/10 parametrische, nominale tegenhanger van de \TU/lmr/m/it/10 t\TU/lmr/m/n/10 -toets voor ongepaarde,
 []


Overfull \hbox (15.25783pt too wide) has occurred while \output is active
\TU/lmr/m/sl/10 17.3.  ONAFHANKELIJKE OBSERVATIES, MEERDERE STEEKPROEVEN \TU/lmr/m/n/10 287
 []

[287] [288]
Overfull \hbox (15.25783pt too wide) has occurred while \output is active
\TU/lmr/m/sl/10 17.3.  ONAFHANKELIJKE OBSERVATIES, MEERDERE STEEKPROEVEN \TU/lmr/m/n/10 289
 []

[289] [290]
Appendix A.
[291

] [292]
Appendix B.
File: KMS-NL_files/figure-latex/kritiekeZwaarden-hulpfiguur-1.pdf Graphic file (type pdf)
<use KMS-NL_files/figure-latex/kritiekeZwaarden-hulpfiguur-1.pdf>
[293

] [294]
Appendix C.
LaTeX Font Info:    Font shape `TU/latinmodern-math.otf(1)/m/n' will be
(Font)              scaled to size 24.88pt on input line 12092.
LaTeX Font Info:    Font shape `TU/latinmodern-math.otf(1)/m/n' will be
(Font)              scaled to size 20.74pt on input line 12092.
LaTeX Font Info:    Font shape `TU/latinmodern-math.otf(1)/m/n' will be
(Font)              scaled to size 17.28pt on input line 12092.
LaTeX Font Info:    Font shape `TU/latinmodern-math.otf(2)/m/n' will be
(Font)              scaled to size 24.88228pt on input line 12092.
LaTeX Font Info:    Font shape `TU/latinmodern-math.otf(2)/m/n' will be
(Font)              scaled to size 20.7419pt on input line 12092.
LaTeX Font Info:    Font shape `TU/latinmodern-math.otf(2)/m/n' will be
(Font)              scaled to size 17.28157pt on input line 12092.
LaTeX Font Info:    Font shape `TU/latinmodern-math.otf(3)/m/n' will be
(Font)              scaled to size 24.87733pt on input line 12092.
LaTeX Font Info:    Font shape `TU/latinmodern-math.otf(3)/m/n' will be
(Font)              scaled to size 20.73778pt on input line 12092.
LaTeX Font Info:    Font shape `TU/latinmodern-math.otf(3)/m/n' will be
(Font)              scaled to size 17.27815pt on input line 12092.
File: KMS-NL_files/figure-latex/kritieketwaarden-hulpfiguur-1.pdf Graphic file (type pdf)
<use KMS-NL_files/figure-latex/kritieketwaarden-hulpfiguur-1.pdf>

Overfull \hbox (19.32014pt too wide) in paragraph at lines 12103--12148
[][] 
 []


Underfull \vbox (badness 10000) has occurred while \output is active []

[295

] [296]
Appendix D.
File: KMS-NL_files/figure-latex/kritiekechi2waarden-hulpfiguur-1.pdf Graphic file (type pdf)
<use KMS-NL_files/figure-latex/kritiekechi2waarden-hulpfiguur-1.pdf>

Overfull \hbox (17.80014pt too wide) in paragraph at lines 12158--12201
[][] 
 []

(./KMS-NL.bbl
Underfull \vbox (badness 10000) has occurred while \output is active []

[297

] [298] [299

] [300] [301] [302] [303]) [304] (./KMS-NL.aux)
 ***********
LaTeX2e <2023-11-01> patch level 1
L3 programming layer <2024-04-11>
 ***********

LaTeX Warning: There were undefined references.


LaTeX Warning: There were multiply-defined labels.

 ) 
Here is how much of TeX's memory you used:
 18820 strings out of 476680
 350107 string characters out of 5799434
 1954403 words of memory out of 5000000
 40623 multiletter control sequences out of 15000+600000
 568436 words of font info for 122 fonts, out of 8000000 for 9000
 14 hyphenation exceptions out of 8191
 90i,10n,119p,1135b,584s stack positions out of 10000i,1000n,20000p,200000b,200000s

Output written on KMS-NL.pdf (304 pages).
